2024-04-01 01:21:12.7087|DEBUG|Program|init main
2024-04-01 01:21:13.2834|DEBUG|Microsoft.AspNetCore.Mvc.Razor.Compilation.DefaultViewCompiler|Initializing Razor view compiler with no compiled views.
2024-04-01 01:21:13.2988|DEBUG|Microsoft.AspNetCore.Mvc.ModelBinding.ModelBinderFactory|Registered model binder providers, in the following order: Microsoft.AspNetCore.Mvc.ModelBinding.Binders.BinderTypeModelBinderProvider, Microsoft.AspNetCore.Mvc.ModelBinding.Binders.ServicesModelBinderProvider, Microsoft.AspNetCore.Mvc.ModelBinding.Binders.BodyModelBinderProvider, Microsoft.AspNetCore.Mvc.ModelBinding.Binders.HeaderModelBinderProvider, Microsoft.AspNetCore.Mvc.ModelBinding.Binders.FloatingPointTypeModelBinderProvider, Microsoft.AspNetCore.Mvc.ModelBinding.Binders.EnumTypeModelBinderProvider, Microsoft.AspNetCore.Mvc.ModelBinding.Binders.DateTimeModelBinderProvider, Microsoft.AspNetCore.Mvc.ModelBinding.Binders.SimpleTypeModelBinderProvider, Microsoft.AspNetCore.Mvc.ModelBinding.Binders.CancellationTokenModelBinderProvider, Microsoft.AspNetCore.Mvc.ModelBinding.Binders.ByteArrayModelBinderProvider, Microsoft.AspNetCore.Mvc.ModelBinding.Binders.FormFileModelBinderProvider, Microsoft.AspNetCore.Mvc.ModelBinding.Binders.FormCollectionModelBinderProvider, Microsoft.AspNetCore.Mvc.ModelBinding.Binders.KeyValuePairModelBinderProvider, Microsoft.AspNetCore.Mvc.ModelBinding.Binders.DictionaryModelBinderProvider, Microsoft.AspNetCore.Mvc.ModelBinding.Binders.ArrayModelBinderProvider, Microsoft.AspNetCore.Mvc.ModelBinding.Binders.CollectionModelBinderProvider, Microsoft.AspNetCore.Mvc.ModelBinding.Binders.ComplexObjectModelBinderProvider
2024-04-01 01:21:13.3512|DEBUG|Microsoft.Extensions.Hosting.Internal.Host|Hosting starting
2024-04-01 01:21:13.3779|INFO|Microsoft.AspNetCore.DataProtection.KeyManagement.XmlKeyManager|User profile is available. Using 'C:\Users\DELUR\AppData\Local\ASP.NET\DataProtection-Keys' as key repository and Windows DPAPI to encrypt keys at rest.
2024-04-01 01:21:14.3050|DEBUG|Microsoft.AspNetCore.DataProtection.Repositories.FileSystemXmlRepository|Reading data from file 'C:\Users\DELUR\AppData\Local\ASP.NET\DataProtection-Keys\key-56408f8e-2298-4b4e-a09b-d455d041495f.xml'.
2024-04-01 01:21:14.3050|DEBUG|Microsoft.AspNetCore.DataProtection.Repositories.FileSystemXmlRepository|Reading data from file 'C:\Users\DELUR\AppData\Local\ASP.NET\DataProtection-Keys\key-639a6923-85c5-4429-b461-812940a79893.xml'.
2024-04-01 01:21:14.3050|DEBUG|Microsoft.AspNetCore.DataProtection.Repositories.FileSystemXmlRepository|Reading data from file 'C:\Users\DELUR\AppData\Local\ASP.NET\DataProtection-Keys\key-f3073982-bbcd-4184-9b2e-0117b83c0a86.xml'.
2024-04-01 01:21:14.3050|DEBUG|Microsoft.AspNetCore.DataProtection.KeyManagement.XmlKeyManager|Found key {56408f8e-2298-4b4e-a09b-d455d041495f}.
2024-04-01 01:21:14.3120|DEBUG|Microsoft.AspNetCore.DataProtection.KeyManagement.XmlKeyManager|Found key {639a6923-85c5-4429-b461-812940a79893}.
2024-04-01 01:21:14.3120|DEBUG|Microsoft.AspNetCore.DataProtection.KeyManagement.XmlKeyManager|Found key {f3073982-bbcd-4184-9b2e-0117b83c0a86}.
2024-04-01 01:21:14.3120|DEBUG|Microsoft.AspNetCore.DataProtection.KeyManagement.DefaultKeyResolver|Considering key {56408f8e-2298-4b4e-a09b-d455d041495f} with expiration date 2024-05-10 22:50:46Z as default key.
2024-04-01 01:21:14.3120|DEBUG|Microsoft.AspNetCore.DataProtection.TypeForwardingActivator|Forwarded activator type request from Microsoft.AspNetCore.DataProtection.XmlEncryption.DpapiXmlDecryptor, Microsoft.AspNetCore.DataProtection, Version=6.0.0.0, Culture=neutral, PublicKeyToken=adb9793829ddae60 to Microsoft.AspNetCore.DataProtection.XmlEncryption.DpapiXmlDecryptor, Microsoft.AspNetCore.DataProtection, Culture=neutral, PublicKeyToken=adb9793829ddae60
2024-04-01 01:21:14.3120|DEBUG|Microsoft.AspNetCore.DataProtection.XmlEncryption.DpapiXmlDecryptor|Decrypting secret element using Windows DPAPI.
2024-04-01 01:21:14.3120|DEBUG|Microsoft.AspNetCore.DataProtection.TypeForwardingActivator|Forwarded activator type request from Microsoft.AspNetCore.DataProtection.AuthenticatedEncryption.ConfigurationModel.AuthenticatedEncryptorDescriptorDeserializer, Microsoft.AspNetCore.DataProtection, Version=6.0.0.0, Culture=neutral, PublicKeyToken=adb9793829ddae60 to Microsoft.AspNetCore.DataProtection.AuthenticatedEncryption.ConfigurationModel.AuthenticatedEncryptorDescriptorDeserializer, Microsoft.AspNetCore.DataProtection, Culture=neutral, PublicKeyToken=adb9793829ddae60
2024-04-01 01:21:14.3120|DEBUG|Microsoft.AspNetCore.DataProtection.AuthenticatedEncryption.CngCbcAuthenticatedEncryptorFactory|Opening CNG algorithm 'AES' from provider '(null)' with chaining mode CBC.
2024-04-01 01:21:14.3120|DEBUG|Microsoft.AspNetCore.DataProtection.AuthenticatedEncryption.CngCbcAuthenticatedEncryptorFactory|Opening CNG algorithm 'SHA256' from provider '(null)' with HMAC.
2024-04-01 01:21:14.3268|DEBUG|Microsoft.AspNetCore.DataProtection.KeyManagement.KeyRingProvider|Using key {56408f8e-2298-4b4e-a09b-d455d041495f} as the default key.
2024-04-01 01:21:14.3268|DEBUG|Microsoft.AspNetCore.DataProtection.Internal.DataProtectionHostedService|Key ring with default key {56408f8e-2298-4b4e-a09b-d455d041495f} was loaded during application startup.
2024-04-01 01:21:14.4207|DEBUG|Microsoft.AspNetCore.Server.Kestrel.Core.KestrelServer|Using development certificate: CN=localhost (Thumbprint: 110335873065E460C81E6E0E97B3B935604D07E1)
2024-04-01 01:21:14.4580|INFO|Microsoft.Hosting.Lifetime|Now listening on: https://localhost:7190
2024-04-01 01:21:14.9594|DEBUG|Microsoft.AspNetCore.Server.Kestrel.Connections|Connection id "0HN2HQ3GFSF1C" accepted.
2024-04-01 01:21:14.9594|DEBUG|Microsoft.AspNetCore.Server.Kestrel.Connections|Connection id "0HN2HQ3GFSF1D" accepted.
2024-04-01 01:21:14.9594|DEBUG|Microsoft.AspNetCore.Server.Kestrel.Connections|Connection id "0HN2HQ3GFSF1D" started.
2024-04-01 01:21:14.9594|DEBUG|Microsoft.AspNetCore.Server.Kestrel.Connections|Connection id "0HN2HQ3GFSF1C" started.
2024-04-01 01:21:14.9747|DEBUG|Microsoft.AspNetCore.Server.Kestrel.Transport.Sockets|Connection id "0HN2HQ3GFSF1C" received FIN.
2024-04-01 01:21:14.9747|DEBUG|Microsoft.AspNetCore.Server.Kestrel.Transport.Sockets|Connection id "0HN2HQ3GFSF1D" received FIN.
2024-04-01 01:21:15.0010|DEBUG|Microsoft.AspNetCore.Server.Kestrel.Https.Internal.HttpsConnectionMiddleware|Failed to authenticate HTTPS connection.|System.IO.IOException:  Received an unexpected EOF or 0 bytes from the transport stream.
   at System.Net.Security.SslStream.<FillHandshakeBufferAsync>g__InternalFillHandshakeBufferAsync|189_0[TIOAdapter](TIOAdapter adap, ValueTask`1 task, Int32 minSize)
   at System.Net.Security.SslStream.ReceiveBlobAsync[TIOAdapter](TIOAdapter adapter)
   at System.Net.Security.SslStream.ForceAuthenticationAsync[TIOAdapter](TIOAdapter adapter, Boolean receiveFirst, Byte[] reAuthenticationData, Boolean isApm)
   at Microsoft.AspNetCore.Server.Kestrel.Https.Internal.HttpsConnectionMiddleware.OnConnectionAsync(ConnectionContext context)
2024-04-01 01:21:15.0010|DEBUG|Microsoft.AspNetCore.Server.Kestrel.Https.Internal.HttpsConnectionMiddleware|Failed to authenticate HTTPS connection.|System.IO.IOException:  Received an unexpected EOF or 0 bytes from the transport stream.
   at System.Net.Security.SslStream.<FillHandshakeBufferAsync>g__InternalFillHandshakeBufferAsync|189_0[TIOAdapter](TIOAdapter adap, ValueTask`1 task, Int32 minSize)
   at System.Net.Security.SslStream.ReceiveBlobAsync[TIOAdapter](TIOAdapter adapter)
   at System.Net.Security.SslStream.ForceAuthenticationAsync[TIOAdapter](TIOAdapter adapter, Boolean receiveFirst, Byte[] reAuthenticationData, Boolean isApm)
   at Microsoft.AspNetCore.Server.Kestrel.Https.Internal.HttpsConnectionMiddleware.OnConnectionAsync(ConnectionContext context)
2024-04-01 01:21:15.0253|DEBUG|Microsoft.AspNetCore.Server.Kestrel.Connections|Connection id "0HN2HQ3GFSF1C" stopped.
2024-04-01 01:21:15.0253|DEBUG|Microsoft.AspNetCore.Server.Kestrel.Connections|Connection id "0HN2HQ3GFSF1D" stopped.
2024-04-01 01:21:15.0253|DEBUG|Microsoft.AspNetCore.Server.Kestrel.Transport.Sockets|Connection id "0HN2HQ3GFSF1D" sending FIN because: "The Socket transport's send loop completed gracefully."
2024-04-01 01:21:15.0253|DEBUG|Microsoft.AspNetCore.Server.Kestrel.Transport.Sockets|Connection id "0HN2HQ3GFSF1C" sending FIN because: "The Socket transport's send loop completed gracefully."
2024-04-01 01:21:15.3468|DEBUG|Microsoft.AspNetCore.Server.Kestrel.Connections|Connection id "0HN2HQ3GFSF1E" accepted.
2024-04-01 01:21:15.3468|DEBUG|Microsoft.AspNetCore.Server.Kestrel.Connections|Connection id "0HN2HQ3GFSF1E" started.
2024-04-01 01:21:15.3976|DEBUG|Microsoft.AspNetCore.Server.Kestrel.Https.Internal.HttpsConnectionMiddleware|Connection 0HN2HQ3GFSF1E established using the following protocol: Tls12
2024-04-01 01:21:15.4383|TRACE|Microsoft.AspNetCore.Server.Kestrel.Http2|Connection id "0HN2HQ3GFSF1E" sending SETTINGS frame for stream ID 0 with length 18 and flags NONE.
2024-04-01 01:21:15.4383|TRACE|Microsoft.AspNetCore.Server.Kestrel.Http2|Connection id "0HN2HQ3GFSF1E" sending WINDOW_UPDATE frame for stream ID 0 with length 4 and flags 0x0.
2024-04-01 01:21:15.4383|TRACE|Microsoft.AspNetCore.Server.Kestrel.Http2|Connection id "0HN2HQ3GFSF1E" received SETTINGS frame for stream ID 0 with length 24 and flags NONE.
2024-04-01 01:21:15.4519|TRACE|Microsoft.AspNetCore.Server.Kestrel.Http2|Connection id "0HN2HQ3GFSF1E" sending SETTINGS frame for stream ID 0 with length 0 and flags ACK.
2024-04-01 01:21:15.4519|TRACE|Microsoft.AspNetCore.Server.Kestrel.Http2|Connection id "0HN2HQ3GFSF1E" received WINDOW_UPDATE frame for stream ID 0 with length 4 and flags 0x0.
2024-04-01 01:21:15.4519|TRACE|Microsoft.AspNetCore.Server.Kestrel.Http2|Connection id "0HN2HQ3GFSF1E" received HEADERS frame for stream ID 1 with length 881 and flags END_STREAM, END_HEADERS, PRIORITY.
2024-04-01 01:21:15.4951|TRACE|Microsoft.AspNetCore.Server.Kestrel.Http2|Connection id "0HN2HQ3GFSF1E" received SETTINGS frame for stream ID 0 with length 0 and flags ACK.
2024-04-01 01:21:15.5406|INFO|Microsoft.AspNetCore.Hosting.Diagnostics|Request starting HTTP/2 GET https://localhost:7190/swagger/index.html - -
2024-04-01 01:21:15.6983|INFO|Microsoft.Hosting.Lifetime|Now listening on: http://localhost:5244
2024-04-01 01:21:16.6991|DEBUG|Microsoft.AspNetCore.HostFiltering.HostFilteringMiddleware|Wildcard detected, all requests with hosts will be allowed.
2024-04-01 01:21:16.6991|TRACE|Microsoft.AspNetCore.HostFiltering.HostFilteringMiddleware|All hosts are allowed.
2024-04-01 01:21:16.7361|DEBUG|Microsoft.AspNetCore.Routing.Matching.DfaMatcher|No candidates found for the request path '/swagger/index.html'
2024-04-01 01:21:16.7361|DEBUG|Microsoft.AspNetCore.Routing.EndpointRoutingMiddleware|Request did not match any endpoints
2024-04-01 01:21:16.8821|DEBUG|Microsoft.AspNetCore.Watch.BrowserRefresh.BrowserRefreshMiddleware|Response markup is scheduled to include browser refresh script injection.
2024-04-01 01:21:16.8987|TRACE|Microsoft.AspNetCore.Server.Kestrel.Http2|Connection id "0HN2HQ3GFSF1E" sending HEADERS frame for stream ID 1 with length 66 and flags END_HEADERS.
2024-04-01 01:21:17.0805|TRACE|Microsoft.AspNetCore.Server.Kestrel.Http2|Connection id "0HN2HQ3GFSF1E" sending DATA frame for stream ID 1 with length 1024 and flags NONE.
2024-04-01 01:21:17.0805|TRACE|Microsoft.AspNetCore.Server.Kestrel.Http2|Connection id "0HN2HQ3GFSF1E" sending DATA frame for stream ID 1 with length 1024 and flags NONE.
2024-04-01 01:21:17.0805|TRACE|Microsoft.AspNetCore.Server.Kestrel.Http2|Connection id "0HN2HQ3GFSF1E" sending DATA frame for stream ID 1 with length 1024 and flags NONE.
2024-04-01 01:21:17.0805|TRACE|Microsoft.AspNetCore.Server.Kestrel.Http2|Connection id "0HN2HQ3GFSF1E" sending DATA frame for stream ID 1 with length 1024 and flags NONE.
2024-04-01 01:21:17.0805|TRACE|Microsoft.AspNetCore.Server.Kestrel.Http2|Connection id "0HN2HQ3GFSF1E" sending DATA frame for stream ID 1 with length 999 and flags NONE.
2024-04-01 01:21:17.0805|TRACE|Microsoft.AspNetCore.Server.Kestrel.Http2|Connection id "0HN2HQ3GFSF1E" sending DATA frame for stream ID 1 with length 65 and flags NONE.
2024-04-01 01:21:17.0805|TRACE|Microsoft.AspNetCore.Server.Kestrel.Http2|Connection id "0HN2HQ3GFSF1E" sending DATA frame for stream ID 1 with length 16 and flags NONE.
2024-04-01 01:21:17.0963|TRACE|Microsoft.AspNetCore.Server.Kestrel.Http2|Connection id "0HN2HQ3GFSF1E" received HEADERS frame for stream ID 3 with length 119 and flags END_STREAM, END_HEADERS, PRIORITY.
2024-04-01 01:21:17.0963|INFO|Microsoft.AspNetCore.Hosting.Diagnostics|Request starting HTTP/2 GET https://localhost:7190/_framework/aspnetcore-browser-refresh.js - -
2024-04-01 01:21:17.0963|DEBUG|Microsoft.AspNetCore.Watch.BrowserRefresh.BrowserRefreshMiddleware|Response markup was updated to include browser refresh script injection.
2024-04-01 01:21:17.1081|TRACE|Microsoft.AspNetCore.Server.Kestrel.Http2|Connection id "0HN2HQ3GFSF1E" sending DATA frame for stream ID 1 with length 0 and flags END_STREAM.
2024-04-01 01:21:17.1081|INFO|Microsoft.AspNetCore.Hosting.Diagnostics|Request finished HTTP/2 GET https://localhost:7190/swagger/index.html - - - 200 - text/html;charset=utf-8 1582.0442ms
2024-04-01 01:21:17.1081|TRACE|Microsoft.AspNetCore.Server.Kestrel.Http2|Connection id "0HN2HQ3GFSF1E" received HEADERS frame for stream ID 5 with length 67 and flags END_STREAM, END_HEADERS, PRIORITY.
2024-04-01 01:21:17.1240|INFO|Microsoft.AspNetCore.Hosting.Diagnostics|Request starting HTTP/2 GET https://localhost:7190/_vs/browserLink - -
2024-04-01 01:21:17.6563|DEBUG|Microsoft.AspNetCore.Hosting.Diagnostics|Loaded hosting startup assembly Api_Smart_Counters
2024-04-01 01:21:17.6563|DEBUG|Microsoft.AspNetCore.Hosting.Diagnostics|Loaded hosting startup assembly Microsoft.AspNetCore.Watch.BrowserRefresh
2024-04-01 01:21:17.6563|DEBUG|Microsoft.AspNetCore.Hosting.Diagnostics|Loaded hosting startup assembly Microsoft.WebTools.BrowserLink.Net
2024-04-01 01:21:17.6563|INFO|Microsoft.Hosting.Lifetime|Application started. Press Ctrl+C to shut down.
2024-04-01 01:21:20.3093|INFO|Microsoft.Hosting.Lifetime|Hosting environment: Development
2024-04-01 01:21:21.1492|TRACE|Microsoft.AspNetCore.Server.Kestrel.Http2|Connection id "0HN2HQ3GFSF1E" sending HEADERS frame for stream ID 5 with length 149 and flags END_HEADERS.
2024-04-01 01:21:21.1492|TRACE|Microsoft.AspNetCore.Server.Kestrel.Http2|Connection id "0HN2HQ3GFSF1E" sending DATA frame for stream ID 5 with length 9986 and flags NONE.
2024-04-01 01:21:21.1492|TRACE|Microsoft.AspNetCore.Server.Kestrel.Http2|Connection id "0HN2HQ3GFSF1E" sending DATA frame for stream ID 5 with length 10240 and flags NONE.
2024-04-01 01:21:21.1492|TRACE|Microsoft.AspNetCore.Server.Kestrel.Http2|Connection id "0HN2HQ3GFSF1E" sending DATA frame for stream ID 5 with length 10240 and flags NONE.
2024-04-01 01:21:21.1492|TRACE|Microsoft.AspNetCore.Server.Kestrel.Http2|Connection id "0HN2HQ3GFSF1E" sending DATA frame for stream ID 5 with length 10240 and flags NONE.
2024-04-01 01:21:21.1492|TRACE|Microsoft.AspNetCore.Server.Kestrel.Http2|Connection id "0HN2HQ3GFSF1E" sending DATA frame for stream ID 5 with length 10240 and flags NONE.
2024-04-01 01:21:21.1492|TRACE|Microsoft.AspNetCore.Server.Kestrel.Http2|Connection id "0HN2HQ3GFSF1E" sending DATA frame for stream ID 5 with length 10240 and flags NONE.
2024-04-01 01:21:21.1492|TRACE|Microsoft.AspNetCore.Server.Kestrel.Http2|Connection id "0HN2HQ3GFSF1E" sending DATA frame for stream ID 5 with length 10240 and flags NONE.
2024-04-01 01:21:21.1492|TRACE|Microsoft.AspNetCore.Server.Kestrel.Http2|Connection id "0HN2HQ3GFSF1E" sending DATA frame for stream ID 5 with length 10240 and flags NONE.
2024-04-01 01:21:21.1492|TRACE|Microsoft.AspNetCore.Server.Kestrel.Http2|Connection id "0HN2HQ3GFSF1E" sending DATA frame for stream ID 5 with length 10240 and flags NONE.
2024-04-01 01:21:21.1492|TRACE|Microsoft.AspNetCore.Server.Kestrel.Http2|Connection id "0HN2HQ3GFSF1E" sending DATA frame for stream ID 5 with length 10240 and flags NONE.
2024-04-01 01:21:21.1492|TRACE|Microsoft.AspNetCore.Server.Kestrel.Http2|Connection id "0HN2HQ3GFSF1E" sending DATA frame for stream ID 5 with length 10240 and flags NONE.
2024-04-01 01:21:21.1492|TRACE|Microsoft.AspNetCore.Server.Kestrel.Http2|Connection id "0HN2HQ3GFSF1E" sending DATA frame for stream ID 5 with length 10240 and flags NONE.
2024-04-01 01:21:21.1492|TRACE|Microsoft.AspNetCore.Server.Kestrel.Http2|Connection id "0HN2HQ3GFSF1E" sending DATA frame for stream ID 5 with length 10240 and flags NONE.
2024-04-01 01:21:21.1492|TRACE|Microsoft.AspNetCore.Server.Kestrel.Http2|Connection id "0HN2HQ3GFSF1E" sending DATA frame for stream ID 5 with length 10240 and flags NONE.
2024-04-01 01:21:21.1492|TRACE|Microsoft.AspNetCore.Server.Kestrel.Http2|Connection id "0HN2HQ3GFSF1E" sending DATA frame for stream ID 5 with length 10240 and flags NONE.
2024-04-01 01:21:21.1492|TRACE|Microsoft.AspNetCore.Server.Kestrel.Http2|Connection id "0HN2HQ3GFSF1E" sending DATA frame for stream ID 5 with length 10240 and flags NONE.
2024-04-01 01:21:21.1492|TRACE|Microsoft.AspNetCore.Server.Kestrel.Http2|Connection id "0HN2HQ3GFSF1E" sending DATA frame for stream ID 5 with length 10240 and flags NONE.
2024-04-01 01:21:21.1492|TRACE|Microsoft.AspNetCore.Server.Kestrel.Http2|Connection id "0HN2HQ3GFSF1E" sending DATA frame for stream ID 5 with length 10240 and flags NONE.
2024-04-01 01:21:21.1492|TRACE|Microsoft.AspNetCore.Server.Kestrel.Http2|Connection id "0HN2HQ3GFSF1E" sending DATA frame for stream ID 5 with length 10240 and flags NONE.
2024-04-01 01:21:21.1492|TRACE|Microsoft.AspNetCore.Server.Kestrel.Http2|Connection id "0HN2HQ3GFSF1E" sending DATA frame for stream ID 5 with length 10240 and flags NONE.
2024-04-01 01:21:21.1492|TRACE|Microsoft.AspNetCore.Server.Kestrel.Http2|Connection id "0HN2HQ3GFSF1E" sending DATA frame for stream ID 5 with length 10240 and flags NONE.
2024-04-01 01:21:21.1492|TRACE|Microsoft.AspNetCore.Server.Kestrel.Http2|Connection id "0HN2HQ3GFSF1E" sending DATA frame for stream ID 5 with length 10240 and flags NONE.
2024-04-01 01:21:21.1492|TRACE|Microsoft.AspNetCore.Server.Kestrel.Http2|Connection id "0HN2HQ3GFSF1E" sending DATA frame for stream ID 5 with length 10240 and flags NONE.
2024-04-01 01:21:21.1492|TRACE|Microsoft.AspNetCore.Server.Kestrel.Http2|Connection id "0HN2HQ3GFSF1E" sending DATA frame for stream ID 5 with length 10240 and flags NONE.
2024-04-01 01:21:21.1492|TRACE|Microsoft.AspNetCore.Server.Kestrel.Http2|Connection id "0HN2HQ3GFSF1E" sending DATA frame for stream ID 5 with length 10240 and flags NONE.
2024-04-01 01:21:21.1492|TRACE|Microsoft.AspNetCore.Server.Kestrel.Http2|Connection id "0HN2HQ3GFSF1E" sending DATA frame for stream ID 5 with length 10240 and flags NONE.
2024-04-01 01:21:21.1492|TRACE|Microsoft.AspNetCore.Server.Kestrel.Http2|Connection id "0HN2HQ3GFSF1E" sending DATA frame for stream ID 5 with length 10240 and flags NONE.
2024-04-01 01:21:21.1492|TRACE|Microsoft.AspNetCore.Server.Kestrel.Http2|Connection id "0HN2HQ3GFSF1E" sending DATA frame for stream ID 5 with length 10240 and flags NONE.
2024-04-01 01:21:21.1492|TRACE|Microsoft.AspNetCore.Server.Kestrel.Http2|Connection id "0HN2HQ3GFSF1E" sending DATA frame for stream ID 5 with length 10240 and flags NONE.
2024-04-01 01:21:21.1492|TRACE|Microsoft.AspNetCore.Server.Kestrel.Http2|Connection id "0HN2HQ3GFSF1E" sending DATA frame for stream ID 5 with length 10240 and flags NONE.
2024-04-01 01:21:21.1492|TRACE|Microsoft.AspNetCore.Server.Kestrel.Http2|Connection id "0HN2HQ3GFSF1E" sending DATA frame for stream ID 5 with length 10240 and flags NONE.
2024-04-01 01:21:21.1492|TRACE|Microsoft.AspNetCore.Server.Kestrel.Http2|Connection id "0HN2HQ3GFSF1E" sending DATA frame for stream ID 5 with length 10240 and flags NONE.
2024-04-01 01:21:21.1492|TRACE|Microsoft.AspNetCore.Server.Kestrel.Http2|Connection id "0HN2HQ3GFSF1E" received WINDOW_UPDATE frame for stream ID 0 with length 4 and flags 0x0.
2024-04-01 01:21:21.1492|TRACE|Microsoft.AspNetCore.Server.Kestrel.Http2|Connection id "0HN2HQ3GFSF1E" sending DATA frame for stream ID 5 with length 10240 and flags NONE.
2024-04-01 01:21:21.1492|TRACE|Microsoft.AspNetCore.Server.Kestrel.Http2|Connection id "0HN2HQ3GFSF1E" sending DATA frame for stream ID 5 with length 10240 and flags NONE.
2024-04-01 01:21:21.1492|TRACE|Microsoft.AspNetCore.Server.Kestrel.Http2|Connection id "0HN2HQ3GFSF1E" sending DATA frame for stream ID 5 with length 10240 and flags NONE.
2024-04-01 01:21:21.1492|TRACE|Microsoft.AspNetCore.Server.Kestrel.Http2|Connection id "0HN2HQ3GFSF1E" sending DATA frame for stream ID 5 with length 10240 and flags NONE.
2024-04-01 01:21:21.1492|TRACE|Microsoft.AspNetCore.Server.Kestrel.Http2|Connection id "0HN2HQ3GFSF1E" sending DATA frame for stream ID 5 with length 10240 and flags NONE.
2024-04-01 01:21:21.1492|TRACE|Microsoft.AspNetCore.Server.Kestrel.Http2|Connection id "0HN2HQ3GFSF1E" sending DATA frame for stream ID 5 with length 10240 and flags NONE.
2024-04-01 01:21:21.1492|TRACE|Microsoft.AspNetCore.Server.Kestrel.Http2|Connection id "0HN2HQ3GFSF1E" sending DATA frame for stream ID 5 with length 10240 and flags NONE.
2024-04-01 01:21:21.1492|TRACE|Microsoft.AspNetCore.Server.Kestrel.Http2|Connection id "0HN2HQ3GFSF1E" sending DATA frame for stream ID 5 with length 10240 and flags NONE.
2024-04-01 01:21:21.1492|TRACE|Microsoft.AspNetCore.Server.Kestrel.Http2|Connection id "0HN2HQ3GFSF1E" sending DATA frame for stream ID 5 with length 10240 and flags NONE.
2024-04-01 01:21:21.1492|TRACE|Microsoft.AspNetCore.Server.Kestrel.Http2|Connection id "0HN2HQ3GFSF1E" sending DATA frame for stream ID 5 with length 10240 and flags NONE.
2024-04-01 01:21:21.1492|TRACE|Microsoft.AspNetCore.Server.Kestrel.Http2|Connection id "0HN2HQ3GFSF1E" sending DATA frame for stream ID 5 with length 10240 and flags NONE.
2024-04-01 01:21:21.1492|TRACE|Microsoft.AspNetCore.Server.Kestrel.Http2|Connection id "0HN2HQ3GFSF1E" sending DATA frame for stream ID 5 with length 10240 and flags NONE.
2024-04-01 01:21:21.1538|TRACE|Microsoft.AspNetCore.Server.Kestrel.Http2|Connection id "0HN2HQ3GFSF1E" sending DATA frame for stream ID 5 with length 10240 and flags NONE.
2024-04-01 01:21:21.1538|TRACE|Microsoft.AspNetCore.Server.Kestrel.Http2|Connection id "0HN2HQ3GFSF1E" sending DATA frame for stream ID 5 with length 10240 and flags NONE.
2024-04-01 01:21:21.1538|TRACE|Microsoft.AspNetCore.Server.Kestrel.Http2|Connection id "0HN2HQ3GFSF1E" sending DATA frame for stream ID 5 with length 10240 and flags NONE.
2024-04-01 01:21:21.1538|TRACE|Microsoft.AspNetCore.Server.Kestrel.Http2|Connection id "0HN2HQ3GFSF1E" sending DATA frame for stream ID 5 with length 10240 and flags NONE.
2024-04-01 01:21:21.1538|TRACE|Microsoft.AspNetCore.Server.Kestrel.Http2|Connection id "0HN2HQ3GFSF1E" sending DATA frame for stream ID 5 with length 10240 and flags NONE.
2024-04-01 01:21:21.1538|TRACE|Microsoft.AspNetCore.Server.Kestrel.Http2|Connection id "0HN2HQ3GFSF1E" sending DATA frame for stream ID 5 with length 10240 and flags NONE.
2024-04-01 01:21:21.1538|TRACE|Microsoft.AspNetCore.Server.Kestrel.Http2|Connection id "0HN2HQ3GFSF1E" sending DATA frame for stream ID 5 with length 10240 and flags NONE.
2024-04-01 01:21:21.1538|TRACE|Microsoft.AspNetCore.Server.Kestrel.Http2|Connection id "0HN2HQ3GFSF1E" sending DATA frame for stream ID 5 with length 10240 and flags NONE.
2024-04-01 01:21:21.1538|TRACE|Microsoft.AspNetCore.Server.Kestrel.Http2|Connection id "0HN2HQ3GFSF1E" sending DATA frame for stream ID 5 with length 10240 and flags NONE.
2024-04-01 01:21:21.1538|TRACE|Microsoft.AspNetCore.Server.Kestrel.Http2|Connection id "0HN2HQ3GFSF1E" sending DATA frame for stream ID 5 with length 10240 and flags NONE.
2024-04-01 01:21:21.1538|TRACE|Microsoft.AspNetCore.Server.Kestrel.Http2|Connection id "0HN2HQ3GFSF1E" sending DATA frame for stream ID 5 with length 10240 and flags NONE.
2024-04-01 01:21:21.1538|TRACE|Microsoft.AspNetCore.Server.Kestrel.Http2|Connection id "0HN2HQ3GFSF1E" sending DATA frame for stream ID 5 with length 10240 and flags NONE.
2024-04-01 01:21:21.1538|TRACE|Microsoft.AspNetCore.Server.Kestrel.Http2|Connection id "0HN2HQ3GFSF1E" sending DATA frame for stream ID 5 with length 10240 and flags NONE.
2024-04-01 01:21:21.1538|TRACE|Microsoft.AspNetCore.Server.Kestrel.Http2|Connection id "0HN2HQ3GFSF1E" sending DATA frame for stream ID 5 with length 10240 and flags NONE.
2024-04-01 01:21:21.1538|TRACE|Microsoft.AspNetCore.Server.Kestrel.Http2|Connection id "0HN2HQ3GFSF1E" sending DATA frame for stream ID 5 with length 10240 and flags NONE.
2024-04-01 01:21:21.1538|TRACE|Microsoft.AspNetCore.Server.Kestrel.Http2|Connection id "0HN2HQ3GFSF1E" sending DATA frame for stream ID 5 with length 10240 and flags NONE.
2024-04-01 01:21:21.1538|TRACE|Microsoft.AspNetCore.Server.Kestrel.Http2|Connection id "0HN2HQ3GFSF1E" sending DATA frame for stream ID 5 with length 10240 and flags NONE.
2024-04-01 01:21:21.1538|TRACE|Microsoft.AspNetCore.Server.Kestrel.Http2|Connection id "0HN2HQ3GFSF1E" sending DATA frame for stream ID 5 with length 10240 and flags NONE.
2024-04-01 01:21:21.1538|TRACE|Microsoft.AspNetCore.Server.Kestrel.Http2|Connection id "0HN2HQ3GFSF1E" sending DATA frame for stream ID 5 with length 10240 and flags NONE.
2024-04-01 01:21:21.1538|TRACE|Microsoft.AspNetCore.Server.Kestrel.Http2|Connection id "0HN2HQ3GFSF1E" sending DATA frame for stream ID 5 with length 10240 and flags NONE.
2024-04-01 01:21:21.1538|TRACE|Microsoft.AspNetCore.Server.Kestrel.Http2|Connection id "0HN2HQ3GFSF1E" sending DATA frame for stream ID 5 with length 10240 and flags NONE.
2024-04-01 01:21:21.1538|TRACE|Microsoft.AspNetCore.Server.Kestrel.Http2|Connection id "0HN2HQ3GFSF1E" sending DATA frame for stream ID 5 with length 10240 and flags NONE.
2024-04-01 01:21:21.1538|TRACE|Microsoft.AspNetCore.Server.Kestrel.Http2|Connection id "0HN2HQ3GFSF1E" sending DATA frame for stream ID 5 with length 10240 and flags NONE.
2024-04-01 01:21:21.1538|TRACE|Microsoft.AspNetCore.Server.Kestrel.Http2|Connection id "0HN2HQ3GFSF1E" sending DATA frame for stream ID 5 with length 10240 and flags NONE.
2024-04-01 01:21:21.1538|TRACE|Microsoft.AspNetCore.Server.Kestrel.Http2|Connection id "0HN2HQ3GFSF1E" sending DATA frame for stream ID 5 with length 10240 and flags NONE.
2024-04-01 01:21:21.1538|TRACE|Microsoft.AspNetCore.Server.Kestrel.Http2|Connection id "0HN2HQ3GFSF1E" sending DATA frame for stream ID 5 with length 6318 and flags NONE.
2024-04-01 01:21:21.1538|TRACE|Microsoft.AspNetCore.Server.Kestrel.Http2|Connection id "0HN2HQ3GFSF1E" sending DATA frame for stream ID 5 with length 0 and flags END_STREAM.
2024-04-01 01:21:21.1538|INFO|Microsoft.AspNetCore.Hosting.Diagnostics|Request finished HTTP/2 GET https://localhost:7190/_vs/browserLink - - - 200 - text/javascript;+charset=UTF-8 4031.4909ms
2024-04-01 01:21:22.4394|TRACE|Microsoft.AspNetCore.Server.Kestrel.Http2|Connection id "0HN2HQ3GFSF1E" sending HEADERS frame for stream ID 3 with length 60 and flags END_HEADERS.
2024-04-01 01:21:22.4394|TRACE|Microsoft.AspNetCore.Server.Kestrel.Http2|Connection id "0HN2HQ3GFSF1E" sending DATA frame for stream ID 3 with length 12006 and flags NONE.
2024-04-01 01:21:22.4394|TRACE|Microsoft.AspNetCore.Server.Kestrel.Http2|Connection id "0HN2HQ3GFSF1E" sending DATA frame for stream ID 3 with length 0 and flags END_STREAM.
2024-04-01 01:21:22.4394|INFO|Microsoft.AspNetCore.Hosting.Diagnostics|Request finished HTTP/2 GET https://localhost:7190/_framework/aspnetcore-browser-refresh.js - - - 200 12006 application/javascript;+charset=utf-8 5341.4512ms
2024-04-01 01:21:22.4897|TRACE|Microsoft.AspNetCore.Server.Kestrel.Http2|Connection id "0HN2HQ3GFSF1E" received HEADERS frame for stream ID 7 with length 76 and flags END_STREAM, END_HEADERS, PRIORITY.
2024-04-01 01:21:22.4897|INFO|Microsoft.AspNetCore.Hosting.Diagnostics|Request starting HTTP/2 GET https://localhost:7190/swagger/v1/swagger.json - -
2024-04-01 01:21:23.7363|INFO|Microsoft.Hosting.Lifetime|Content root path: C:\Users\DELUR\OneDrive\Рабочий стол\Api_Smart_Counters\Api_Smart_Counters\
2024-04-01 01:21:26.4860|TRACE|Microsoft.AspNetCore.HostFiltering.HostFilteringMiddleware|All hosts are allowed.
2024-04-01 01:21:26.4860|DEBUG|Microsoft.AspNetCore.Routing.Matching.DfaMatcher|No candidates found for the request path '/swagger/v1/swagger.json'
2024-04-01 01:21:26.4860|DEBUG|Microsoft.AspNetCore.Routing.EndpointRoutingMiddleware|Request did not match any endpoints
2024-04-01 01:21:26.5757|TRACE|Microsoft.AspNetCore.Server.Kestrel.Http2|Connection id "0HN2HQ3GFSF1E" sending HEADERS frame for stream ID 7 with length 65 and flags END_HEADERS.
2024-04-01 01:21:26.5760|TRACE|Microsoft.AspNetCore.Server.Kestrel.Http2|Connection id "0HN2HQ3GFSF1E" sending DATA frame for stream ID 7 with length 16384 and flags NONE.
2024-04-01 01:21:26.5760|TRACE|Microsoft.AspNetCore.Server.Kestrel.Http2|Connection id "0HN2HQ3GFSF1E" sending DATA frame for stream ID 7 with length 6309 and flags NONE.
2024-04-01 01:21:26.5760|TRACE|Microsoft.AspNetCore.Server.Kestrel.Http2|Connection id "0HN2HQ3GFSF1E" sending DATA frame for stream ID 7 with length 0 and flags END_STREAM.
2024-04-01 01:21:26.5760|INFO|Microsoft.AspNetCore.Hosting.Diagnostics|Request finished HTTP/2 GET https://localhost:7190/swagger/v1/swagger.json - - - 200 - application/json;charset=utf-8 4083.8336ms
2024-04-01 01:21:26.5760|TRACE|Microsoft.AspNetCore.Server.Kestrel.Http2|Connection id "0HN2HQ3GFSF1E" received WINDOW_UPDATE frame for stream ID 0 with length 4 and flags 0x0.
2024-04-01 01:21:27.3727|DEBUG|Microsoft.Extensions.Hosting.Internal.Host|Hosting started
